0 info it worked if it ends with ok
1 verbose cli [ '/usr/local/Cellar/node/0.12.7/bin/node',
1 verbose cli   '/usr/local/bin/npm',
1 verbose cli   'run',
1 verbose cli   'start:local' ]
2 info using npm@4.1.2
3 info using node@v7.6.0
4 verbose run-script [ 'prestart:local', 'start:local', 'poststart:local' ]
5 info lifecycle node-service-skeleton@1.0.0~prestart:local: node-service-skeleton@1.0.0
6 silly lifecycle node-service-skeleton@1.0.0~prestart:local: no script for prestart:local, continuing
7 info lifecycle node-service-skeleton@1.0.0~start:local: node-service-skeleton@1.0.0
8 verbose lifecycle node-service-skeleton@1.0.0~start:local: unsafe-perm in lifecycle true
9 verbose lifecycle node-service-skeleton@1.0.0~start:local: PATH: /usr/local/lib/node_modules/npm/bin/node-gyp-bin:/Users/haritha/projects/node-service-skeleton/node_modules/.bin:/usr/local/bin:/usr/bin:/bin:/usr/sbin:/sbin:/usr/local/go/bin
10 verbose lifecycle node-service-skeleton@1.0.0~start:local: CWD: /Users/haritha/projects/node-service-skeleton
11 silly lifecycle node-service-skeleton@1.0.0~start:local: Args: [ '-c', 'node_modules/nodemon' ]
12 silly lifecycle node-service-skeleton@1.0.0~start:local: Returned: code: 126  signal: null
13 info lifecycle node-service-skeleton@1.0.0~start:local: Failed to exec start:local script
14 verbose stack Error: node-service-skeleton@1.0.0 start:local: `node_modules/nodemon`
14 verbose stack Exit status 126
14 verbose stack     at EventEmitter.<anonymous> (/usr/local/lib/node_modules/npm/lib/utils/lifecycle.js:279:16)
14 verbose stack     at emitTwo (events.js:106:13)
14 verbose stack     at EventEmitter.emit (events.js:192:7)
14 verbose stack     at ChildProcess.<anonymous> (/usr/local/lib/node_modules/npm/lib/utils/spawn.js:40:14)
14 verbose stack     at emitTwo (events.js:106:13)
14 verbose stack     at ChildProcess.emit (events.js:192:7)
14 verbose stack     at maybeClose (internal/child_process.js:890:16)
14 verbose stack     at Process.ChildProcess._handle.onexit (internal/child_process.js:226:5)
15 verbose pkgid node-service-skeleton@1.0.0
16 verbose cwd /Users/haritha/projects/node-service-skeleton
17 error Darwin 14.5.0
18 error argv "/usr/local/Cellar/node/0.12.7/bin/node" "/usr/local/bin/npm" "run" "start:local"
19 error node v7.6.0
20 error npm  v4.1.2
21 error code ELIFECYCLE
22 error node-service-skeleton@1.0.0 start:local: `node_modules/nodemon`
22 error Exit status 126
23 error Failed at the node-service-skeleton@1.0.0 start:local script 'node_modules/nodemon'.
23 error Make sure you have the latest version of node.js and npm installed.
23 error If you do, this is most likely a problem with the node-service-skeleton package,
23 error not with npm itself.
23 error Tell the author that this fails on your system:
23 error     node_modules/nodemon
23 error You can get information on how to open an issue for this project with:
23 error     npm bugs node-service-skeleton
23 error Or if that isn't available, you can get their info via:
23 error     npm owner ls node-service-skeleton
23 error There is likely additional logging output above.
24 verbose exit [ 1, true ]
